Warning: Cannot symlink from /home/user/Drone/catkin_ws/devel/.private/realsense_gazebo_plugin/lib/librealsense_gazebo_plugin.so to existing file /home/user/Drone/catkin_ws/devel/lib/librealsense_gazebo_plugin.so
Warning: Source hash: 5125ebb46a4ef19626290ebec6447e72
Warning: Dest hash: 9aefc29b6114df2e3246f439bd6378cf
Warning: Cannot symlink from /home/user/Drone/catkin_ws/devel/.private/realsense_gazebo_plugin/lib/realsense_gazebo_plugin/test_realsense_streams to existing file /home/user/Drone/catkin_ws/devel/lib/realsense_gazebo_plugin/test_realsense_streams
Warning: Source hash: b34dfd85ae5d10f0dca4a001c0c72899
Warning: Dest hash: 03d4bea880a04d48853d29f010920363
Warning: Cannot symlink from /home/user/Drone/catkin_ws/devel/.private/realsense_gazebo_plugin/lib/pkgconfig/realsense_gazebo_plugin.pc to existing file /home/user/Drone/catkin_ws/devel/lib/pkgconfig/realsense_gazebo_plugin.pc
Warning: Source hash: 6ac78b13340cdb369e32c8b9d9b90cca
Warning: Dest hash: 9c503a60faa2acddfae6a92f4ed09df0
Warning: Cannot symlink from /home/user/Drone/catkin_ws/devel/.private/realsense_gazebo_plugin/share/realsense_gazebo_plugin/cmake/realsense_gazebo_pluginConfig.cmake to existing file /home/user/Drone/catkin_ws/devel/share/realsense_gazebo_plugin/cmake/realsense_gazebo_pluginConfig.cmake
Warning: Source hash: 1a2d8e8dd5aefb4f3cd52d4badc048df
Warning: Dest hash: 3430e1015fbf623976ff90d6f6d45009
Cleaning: (/home/user/catkin_ws/devel/.private/realsense_gazebo_plugin/cmake.lock, /home/user/catkin_ws/devel/./cmake.lock)
Cleaning: (/home/user/catkin_ws/devel/.private/realsense_gazebo_plugin/lib/librealsense_gazebo_plugin.so, /home/user/catkin_ws/devel/lib/librealsense_gazebo_plugin.so)
Cleaning: (/home/user/catkin_ws/devel/.private/realsense_gazebo_plugin/lib/realsense_gazebo_plugin/test_realsense_streams, /home/user/catkin_ws/devel/lib/realsense_gazebo_plugin/test_realsense_streams)
Cleaning: (/home/user/catkin_ws/devel/.private/realsense_gazebo_plugin/lib/pkgconfig/realsense_gazebo_plugin.pc, /home/user/catkin_ws/devel/lib/pkgconfig/realsense_gazebo_plugin.pc)
Cleaning: (/home/user/catkin_ws/devel/.private/realsense_gazebo_plugin/share/realsense_gazebo_plugin/cmake/realsense_gazebo_pluginConfig-version.cmake, /home/user/catkin_ws/devel/share/realsense_gazebo_plugin/cmake/realsense_gazebo_pluginConfig-version.cmake)
Cleaning: (/home/user/catkin_ws/devel/.private/realsense_gazebo_plugin/share/realsense_gazebo_plugin/cmake/realsense_gazebo_pluginConfig.cmake, /home/user/catkin_ws/devel/share/realsense_gazebo_plugin/cmake/realsense_gazebo_pluginConfig.cmake)
Unlinking: /home/user/catkin_ws/devel/lib/librealsense_gazebo_plugin.so
Unlinking: /home/user/catkin_ws/devel/lib/realsense_gazebo_plugin/test_realsense_streams
Unlinking: /home/user/catkin_ws/devel/lib/pkgconfig/realsense_gazebo_plugin.pc
Unlinking: /home/user/catkin_ws/devel/share/realsense_gazebo_plugin/cmake/realsense_gazebo_pluginConfig-version.cmake
Unlinking: /home/user/catkin_ws/devel/share/realsense_gazebo_plugin/cmake/realsense_gazebo_pluginConfig.cmake
