Warning: Cannot symlink from /home/user/Drone/catkin_ws/devel/.private/offboard_pkg/lib/pkgconfig/offboard_pkg.pc to existing file /home/user/Drone/catkin_ws/devel/lib/pkgconfig/offboard_pkg.pc
Warning: Source hash: a7365731cc66eae7b761b1165f47f87b
Warning: Dest hash: 913d3c56bca5cfe3bc337618cb453130
Warning: Cannot symlink from /home/user/Drone/catkin_ws/devel/.private/offboard_pkg/lib/offboard_pkg/pub_setpoints to existing file /home/user/Drone/catkin_ws/devel/lib/offboard_pkg/pub_setpoints
Warning: Source hash: 831f412a246bfec2df5118a74acecc06
Warning: Dest hash: cb61bc3f6e4f08fd209a818615d63d9b
Warning: Cannot symlink from /home/user/Drone/catkin_ws/devel/.private/offboard_pkg/lib/offboard_pkg/offboard_node to existing file /home/user/Drone/catkin_ws/devel/lib/offboard_pkg/offboard_node
Warning: Source hash: 5847c400fea1f18525203281f0e95103
Warning: Dest hash: 5d77f770034b4bed480ab8be51c67742
Warning: Cannot symlink from /home/user/Drone/catkin_ws/devel/.private/offboard_pkg/share/offboard_pkg/cmake/offboard_pkgConfig.cmake to existing file /home/user/Drone/catkin_ws/devel/share/offboard_pkg/cmake/offboard_pkgConfig.cmake
Warning: Source hash: 28b3cd8e6d1868e60e5d86659ebdbce1
Warning: Dest hash: 947f184ea7590dfb3dd65054e61d94de
Cleaning: (/home/user/catkin_ws/devel/.private/offboard_pkg/cmake.lock, /home/user/catkin_ws/devel/./cmake.lock)
Cleaning: (/home/user/catkin_ws/devel/.private/offboard_pkg/lib/pkgconfig/offboard_pkg.pc, /home/user/catkin_ws/devel/lib/pkgconfig/offboard_pkg.pc)
Cleaning: (/home/user/catkin_ws/devel/.private/offboard_pkg/lib/offboard_pkg/pub_setpoints, /home/user/catkin_ws/devel/lib/offboard_pkg/pub_setpoints)
Cleaning: (/home/user/catkin_ws/devel/.private/offboard_pkg/lib/offboard_pkg/offboard_node, /home/user/catkin_ws/devel/lib/offboard_pkg/offboard_node)
Cleaning: (/home/user/catkin_ws/devel/.private/offboard_pkg/share/offboard_pkg/cmake/offboard_pkgConfig.cmake, /home/user/catkin_ws/devel/share/offboard_pkg/cmake/offboard_pkgConfig.cmake)
Cleaning: (/home/user/catkin_ws/devel/.private/offboard_pkg/share/offboard_pkg/cmake/offboard_pkgConfig-version.cmake, /home/user/catkin_ws/devel/share/offboard_pkg/cmake/offboard_pkgConfig-version.cmake)
Unlinking: /home/user/catkin_ws/devel/lib/pkgconfig/offboard_pkg.pc
Unlinking: /home/user/catkin_ws/devel/lib/offboard_pkg/pub_setpoints
Unlinking: /home/user/catkin_ws/devel/lib/offboard_pkg/offboard_node
Unlinking: /home/user/catkin_ws/devel/share/offboard_pkg/cmake/offboard_pkgConfig.cmake
Unlinking: /home/user/catkin_ws/devel/share/offboard_pkg/cmake/offboard_pkgConfig-version.cmake
