[35m[1mScanning dependencies of target pub_setpoints[0m
[35m[1mScanning dependencies of target offboard_node[0m
[ 25%] [32mBuilding CXX object CMakeFiles/pub_setpoints.dir/src/pub_att.cpp.o[0m
[ 50%] [32mBuilding CXX object CMakeFiles/offboard_node.dir/src/TakeoffSquareLand.cpp.o[0m
In file included from /opt/ros/melodic/include/ros/ros.h:40:0,
                 from /home/user/Drone/catkin_ws/src/offboard_pkg/src/TakeoffSquareLand.cpp:8:
/home/user/Drone/catkin_ws/src/offboard_pkg/src/TakeoffSquareLand.cpp: In function ‘int main(int, char**)’:
/opt/ros/melodic/include/ros/console.h:348:176: warning: format not a string literal and no format arguments [-Wformat-security]
     ::ros::console::print(filter, __rosconsole_define_location__loc.logger_, __rosconsole_define_location__loc.level_, __FILE__, __LINE__, __ROSCONSOLE_FUNCTION__, __VA_ARGS__)
                                                                                                                                                                                ^
/opt/ros/melodic/include/ros/console.h:351:5: note: in expansion of macro ‘ROSCONSOLE_PRINT_AT_LOCATION_WITH_FILTER’
     ROSCONSOLE_PRINT_AT_LOCATION_WITH_FILTER(NULL, __VA_ARGS__)
     ^~~~~~~~~~~~~~~~~~~~~~~~~~~~~~~~~~~~~~~~
/opt/ros/melodic/include/ros/console.h:387:7: note: in expansion of macro ‘ROSCONSOLE_PRINT_AT_LOCATION’
       ROSCONSOLE_PRINT_AT_LOCATION(__VA_ARGS__); \
       ^~~~~~~~~~~~~~~~~~~~~~~~~~~~
/opt/ros/melodic/include/ros/console.h:572:35: note: in expansion of macro ‘ROS_LOG_COND’
 #define ROS_LOG(level, name, ...) ROS_LOG_COND(true, level, name, __VA_ARGS__)
                                   ^~~~~~~~~~~~
/opt/ros/melodic/include/rosconsole/macros_generated.h:110:23: note: in expansion of macro ‘ROS_LOG’
 #define ROS_INFO(...) ROS_LOG(::ros::console::levels::Info, ROSCONSOLE_DEFAULT_NAME, __VA_ARGS__)
                       ^~~~~~~
/home/user/Drone/catkin_ws/src/offboard_pkg/src/TakeoffSquareLand.cpp:78:11: note: in expansion of macro ‘ROS_INFO’
           ROS_INFO(current_state.mode.c_str());
           ^
[ 75%] [32m[1mLinking CXX executable /home/user/Drone/catkin_ws/devel/.private/offboard_pkg/lib/offboard_pkg/pub_setpoints[0m
[100%] [32m[1mLinking CXX executable /home/user/Drone/catkin_ws/devel/.private/offboard_pkg/lib/offboard_pkg/offboard_node[0m
[100%] Built target pub_setpoints
[100%] Built target offboard_node
