Warning: Cannot symlink from /home/user/Drone/catkin_ws/devel/.private/px4_realsense_bridge/lib/libpx4_realsense_bridge.so to existing file /home/user/Drone/catkin_ws/devel/lib/libpx4_realsense_bridge.so
Warning: Source hash: efeff674ebc2b0cb37de166c17985c46
Warning: Dest hash: d3813bd7cb65b47550853c17a9f30fbc
Warning: Cannot symlink from /home/user/Drone/catkin_ws/devel/.private/px4_realsense_bridge/lib/pkgconfig/px4_realsense_bridge.pc to existing file /home/user/Drone/catkin_ws/devel/lib/pkgconfig/px4_realsense_bridge.pc
Warning: Source hash: d3d6d92cf505e6c700d5d6cbed90618e
Warning: Dest hash: b04e5fb5c89d19b9b95caae0c6c566db
Warning: Cannot symlink from /home/user/Drone/catkin_ws/devel/.private/px4_realsense_bridge/lib/px4_realsense_bridge/px4_realsense_bridge_node to existing file /home/user/Drone/catkin_ws/devel/lib/px4_realsense_bridge/px4_realsense_bridge_node
Warning: Source hash: 6a9d99e812cfba8f2bfa4e243597629c
Warning: Dest hash: 784c1685787f2f563d74edd86134da1b
Warning: Cannot symlink from /home/user/Drone/catkin_ws/devel/.private/px4_realsense_bridge/share/px4_realsense_bridge/cmake/px4_realsense_bridgeConfig.cmake to existing file /home/user/Drone/catkin_ws/devel/share/px4_realsense_bridge/cmake/px4_realsense_bridgeConfig.cmake
Warning: Source hash: c292e351e5edefc8fcf0d692188ee480
Warning: Dest hash: 8f3116964c6c34524f6c69acb50f6f0e
Cleaning: (/home/user/catkin_ws/devel/.private/px4_realsense_bridge/cmake.lock, /home/user/catkin_ws/devel/./cmake.lock)
Cleaning: (/home/user/catkin_ws/devel/.private/px4_realsense_bridge/lib/libpx4_realsense_bridge.so, /home/user/catkin_ws/devel/lib/libpx4_realsense_bridge.so)
Cleaning: (/home/user/catkin_ws/devel/.private/px4_realsense_bridge/lib/pkgconfig/px4_realsense_bridge.pc, /home/user/catkin_ws/devel/lib/pkgconfig/px4_realsense_bridge.pc)
Cleaning: (/home/user/catkin_ws/devel/.private/px4_realsense_bridge/lib/px4_realsense_bridge/px4_realsense_bridge_node, /home/user/catkin_ws/devel/lib/px4_realsense_bridge/px4_realsense_bridge_node)
Cleaning: (/home/user/catkin_ws/devel/.private/px4_realsense_bridge/share/px4_realsense_bridge/cmake/px4_realsense_bridgeConfig.cmake, /home/user/catkin_ws/devel/share/px4_realsense_bridge/cmake/px4_realsense_bridgeConfig.cmake)
Cleaning: (/home/user/catkin_ws/devel/.private/px4_realsense_bridge/share/px4_realsense_bridge/cmake/px4_realsense_bridgeConfig-version.cmake, /home/user/catkin_ws/devel/share/px4_realsense_bridge/cmake/px4_realsense_bridgeConfig-version.cmake)
Unlinking: /home/user/catkin_ws/devel/lib/libpx4_realsense_bridge.so
Unlinking: /home/user/catkin_ws/devel/lib/pkgconfig/px4_realsense_bridge.pc
Unlinking: /home/user/catkin_ws/devel/lib/px4_realsense_bridge/px4_realsense_bridge_node
Unlinking: /home/user/catkin_ws/devel/share/px4_realsense_bridge/cmake/px4_realsense_bridgeConfig.cmake
Unlinking: /home/user/catkin_ws/devel/share/px4_realsense_bridge/cmake/px4_realsense_bridgeConfig-version.cmake
