Determining if the pthread_create exist failed with the following output:
Change Dir: /home/user/Drone/catkin_ws/build/realsense_gazebo_plugin/CMakeFiles/CMakeTmp

Run Build Command:"/usr/bin/make" "cmTC_adb49/fast"
/usr/bin/make -f CMakeFiles/cmTC_adb49.dir/build.make CMakeFiles/cmTC_adb49.dir/build
make[1]: Entering directory '/home/user/Drone/catkin_ws/build/realsense_gazebo_plugin/CMakeFiles/CMakeTmp'
Building C object CMakeFiles/cmTC_adb49.dir/CheckSymbolExists.c.o
/usr/lib/ccache/cc    -o CMakeFiles/cmTC_adb49.dir/CheckSymbolExists.c.o   -c /home/user/Drone/catkin_ws/build/realsense_gazebo_plugin/CMakeFiles/CMakeTmp/CheckSymbolExists.c
Linking C executable cmTC_adb49
/usr/bin/cmake -E cmake_link_script CMakeFiles/cmTC_adb49.dir/link.txt --verbose=1
/usr/lib/ccache/cc      -rdynamic CMakeFiles/cmTC_adb49.dir/CheckSymbolExists.c.o  -o cmTC_adb49 
CMakeFiles/cmTC_adb49.dir/CheckSymbolExists.c.o: In function `main':
CheckSymbolExists.c:(.text+0x1b): undefined reference to `pthread_create'
collect2: error: ld returned 1 exit status
CMakeFiles/cmTC_adb49.dir/build.make:97: recipe for target 'cmTC_adb49' failed
make[1]: *** [cmTC_adb49] Error 1
make[1]: Leaving directory '/home/user/Drone/catkin_ws/build/realsense_gazebo_plugin/CMakeFiles/CMakeTmp'
Makefile:126: recipe for target 'cmTC_adb49/fast' failed
make: *** [cmTC_adb49/fast] Error 2

File /home/user/Drone/catkin_ws/build/realsense_gazebo_plugin/CMakeFiles/CMakeTmp/CheckSymbolExists.c:
/* */
#include <pthread.h>

int main(int argc, char** argv)
{
  (void)argv;
#ifndef pthread_create
  return ((int*)(&pthread_create))[argc];
#else
  (void)argc;
  return 0;
#endif
}

Determining if the function pthread_create exists in the pthreads failed with the following output:
Change Dir: /home/user/Drone/catkin_ws/build/realsense_gazebo_plugin/CMakeFiles/CMakeTmp

Run Build Command:"/usr/bin/make" "cmTC_093a9/fast"
/usr/bin/make -f CMakeFiles/cmTC_093a9.dir/build.make CMakeFiles/cmTC_093a9.dir/build
make[1]: Entering directory '/home/user/Drone/catkin_ws/build/realsense_gazebo_plugin/CMakeFiles/CMakeTmp'
Building C object CMakeFiles/cmTC_093a9.dir/CheckFunctionExists.c.o
/usr/lib/ccache/cc   -DCHECK_FUNCTION_EXISTS=pthread_create   -o CMakeFiles/cmTC_093a9.dir/CheckFunctionExists.c.o   -c /usr/share/cmake-3.10/Modules/CheckFunctionExists.c
Linking C executable cmTC_093a9
/usr/bin/cmake -E cmake_link_script CMakeFiles/cmTC_093a9.dir/link.txt --verbose=1
/usr/lib/ccache/cc  -DCHECK_FUNCTION_EXISTS=pthread_create    -rdynamic CMakeFiles/cmTC_093a9.dir/CheckFunctionExists.c.o  -o cmTC_093a9 -lpthreads 
/usr/bin/ld: cannot find -lpthreads
collect2: error: ld returned 1 exit status
CMakeFiles/cmTC_093a9.dir/build.make:97: recipe for target 'cmTC_093a9' failed
make[1]: *** [cmTC_093a9] Error 1
make[1]: Leaving directory '/home/user/Drone/catkin_ws/build/realsense_gazebo_plugin/CMakeFiles/CMakeTmp'
Makefile:126: recipe for target 'cmTC_093a9/fast' failed
make: *** [cmTC_093a9/fast] Error 2


