Determining if the pthread_create exist failed with the following output:
Change Dir: /home/user/Drone/catkin_ws/build/mavros_extras/CMakeFiles/CMakeTmp

Run Build Command:"/usr/bin/make" "cmTC_6682a/fast"
/usr/bin/make -f CMakeFiles/cmTC_6682a.dir/build.make CMakeFiles/cmTC_6682a.dir/build
make[1]: Entering directory '/home/user/Drone/catkin_ws/build/mavros_extras/CMakeFiles/CMakeTmp'
Building C object CMakeFiles/cmTC_6682a.dir/CheckSymbolExists.c.o
/usr/lib/ccache/cc    -o CMakeFiles/cmTC_6682a.dir/CheckSymbolExists.c.o   -c /home/user/Drone/catkin_ws/build/mavros_extras/CMakeFiles/CMakeTmp/CheckSymbolExists.c
Linking C executable cmTC_6682a
/usr/bin/cmake -E cmake_link_script CMakeFiles/cmTC_6682a.dir/link.txt --verbose=1
/usr/lib/ccache/cc      -rdynamic CMakeFiles/cmTC_6682a.dir/CheckSymbolExists.c.o  -o cmTC_6682a 
CMakeFiles/cmTC_6682a.dir/CheckSymbolExists.c.o: In function `main':
CheckSymbolExists.c:(.text+0x1b): undefined reference to `pthread_create'
collect2: error: ld returned 1 exit status
CMakeFiles/cmTC_6682a.dir/build.make:97: recipe for target 'cmTC_6682a' failed
make[1]: *** [cmTC_6682a] Error 1
make[1]: Leaving directory '/home/user/Drone/catkin_ws/build/mavros_extras/CMakeFiles/CMakeTmp'
Makefile:126: recipe for target 'cmTC_6682a/fast' failed
make: *** [cmTC_6682a/fast] Error 2

File /home/user/Drone/catkin_ws/build/mavros_extras/CMakeFiles/CMakeTmp/CheckSymbolExists.c:
/* */
#include <pthread.h>

int main(int argc, char** argv)
{
  (void)argv;
#ifndef pthread_create
  return ((int*)(&pthread_create))[argc];
#else
  (void)argc;
  return 0;
#endif
}

Determining if the function pthread_create exists in the pthreads failed with the following output:
Change Dir: /home/user/Drone/catkin_ws/build/mavros_extras/CMakeFiles/CMakeTmp

Run Build Command:"/usr/bin/make" "cmTC_1f9cb/fast"
/usr/bin/make -f CMakeFiles/cmTC_1f9cb.dir/build.make CMakeFiles/cmTC_1f9cb.dir/build
make[1]: Entering directory '/home/user/Drone/catkin_ws/build/mavros_extras/CMakeFiles/CMakeTmp'
Building C object CMakeFiles/cmTC_1f9cb.dir/CheckFunctionExists.c.o
/usr/lib/ccache/cc   -DCHECK_FUNCTION_EXISTS=pthread_create   -o CMakeFiles/cmTC_1f9cb.dir/CheckFunctionExists.c.o   -c /usr/share/cmake-3.10/Modules/CheckFunctionExists.c
Linking C executable cmTC_1f9cb
/usr/bin/cmake -E cmake_link_script CMakeFiles/cmTC_1f9cb.dir/link.txt --verbose=1
/usr/lib/ccache/cc  -DCHECK_FUNCTION_EXISTS=pthread_create    -rdynamic CMakeFiles/cmTC_1f9cb.dir/CheckFunctionExists.c.o  -o cmTC_1f9cb -lpthreads 
/usr/bin/ld: cannot find -lpthreads
collect2: error: ld returned 1 exit status
CMakeFiles/cmTC_1f9cb.dir/build.make:97: recipe for target 'cmTC_1f9cb' failed
make[1]: *** [cmTC_1f9cb] Error 1
make[1]: Leaving directory '/home/user/Drone/catkin_ws/build/mavros_extras/CMakeFiles/CMakeTmp'
Makefile:126: recipe for target 'cmTC_1f9cb/fast' failed
make: *** [cmTC_1f9cb/fast] Error 2


