Warning: Cannot symlink from /home/user/Drone/catkin_ws/devel/.private/mavros_extras/lib/libmavros_extras.so to existing file /home/user/Drone/catkin_ws/devel/lib/libmavros_extras.so
Warning: Source hash: dc620cf76f1af82a173b2e063f0afe30
Warning: Dest hash: 7f5dacc5c9d7c94821bbc2082943be98
Warning: Cannot symlink from /home/user/Drone/catkin_ws/devel/.private/mavros_extras/lib/mavros_extras/servo_state_publisher to existing file /home/user/Drone/catkin_ws/devel/lib/mavros_extras/servo_state_publisher
Warning: Source hash: 8b0cdb9b6dee2828d7d33b587b09dddd
Warning: Dest hash: 309bd6fc5b6786a53c571c564e2070a0
Warning: Cannot symlink from /home/user/Drone/catkin_ws/devel/.private/mavros_extras/lib/pkgconfig/mavros_extras.pc to existing file /home/user/Drone/catkin_ws/devel/lib/pkgconfig/mavros_extras.pc
Warning: Source hash: 97b27d333f29a27ee062f9c908bfbea2
Warning: Dest hash: d088cc382a387579ea2e0ddbb5eba085
Warning: Cannot symlink from /home/user/Drone/catkin_ws/devel/.private/mavros_extras/share/mavros_extras/cmake/mavros_extrasConfig.cmake to existing file /home/user/Drone/catkin_ws/devel/share/mavros_extras/cmake/mavros_extrasConfig.cmake
Warning: Source hash: 37830a9096c5dcad0202418a04d7568e
Warning: Dest hash: 2cac2990e1a2afd279ca64572142502f
Cleaning: (/home/user/catkin_ws/devel/.private/mavros_extras/cmake.lock, /home/user/catkin_ws/devel/./cmake.lock)
Cleaning: (/home/user/catkin_ws/devel/.private/mavros_extras/lib/libmavros_extras.so, /home/user/catkin_ws/devel/lib/libmavros_extras.so)
Cleaning: (/home/user/catkin_ws/devel/.private/mavros_extras/lib/mavros_extras/visualization, /home/user/catkin_ws/devel/lib/mavros_extras/visualization)
Cleaning: (/home/user/catkin_ws/devel/.private/mavros_extras/lib/mavros_extras/servo_state_publisher, /home/user/catkin_ws/devel/lib/mavros_extras/servo_state_publisher)
Cleaning: (/home/user/catkin_ws/devel/.private/mavros_extras/lib/pkgconfig/mavros_extras.pc, /home/user/catkin_ws/devel/lib/pkgconfig/mavros_extras.pc)
Cleaning: (/home/user/catkin_ws/devel/.private/mavros_extras/share/mavros_extras/cmake/mavros_extrasConfig-version.cmake, /home/user/catkin_ws/devel/share/mavros_extras/cmake/mavros_extrasConfig-version.cmake)
Cleaning: (/home/user/catkin_ws/devel/.private/mavros_extras/share/mavros_extras/cmake/mavros_extrasConfig.cmake, /home/user/catkin_ws/devel/share/mavros_extras/cmake/mavros_extrasConfig.cmake)
Unlinking: /home/user/catkin_ws/devel/lib/libmavros_extras.so
Unlinking: /home/user/catkin_ws/devel/lib/mavros_extras/visualization
Unlinking: /home/user/catkin_ws/devel/lib/mavros_extras/servo_state_publisher
Unlinking: /home/user/catkin_ws/devel/lib/pkgconfig/mavros_extras.pc
Unlinking: /home/user/catkin_ws/devel/share/mavros_extras/cmake/mavros_extrasConfig-version.cmake
Unlinking: /home/user/catkin_ws/devel/share/mavros_extras/cmake/mavros_extrasConfig.cmake
