In file included from /home/user/catkin_ws/src/mavros/mavros/include/mavros/utils.h:22:0,
                 from /home/user/catkin_ws/src/mavros/mavros/include/mavros/mavros_uas.h:30,
                 from /home/user/catkin_ws/src/mavros/mavros/include/mavros/mavros_plugin.h:25,
                 from /home/user/Drone/catkin_ws/src/mavros/mavros_extras/src/plugins/cam_imu_sync.cpp:17:
/home/user/catkin_ws/src/mavros/mavros_msgs/include/mavros_msgs/mavlink_convert.h:45:32: warning: unknown option after ‘#pragma GCC diagnostic’ kind [-Wpragmas]
 #pragma GCC diagnostic ignored "-Waddress-of-packed-member"
                                ^~~~~~~~~~~~~~~~~~~~~~~~~~~~
In file included from /home/user/catkin_ws/src/mavros/mavros/include/mavros/utils.h:22:0,
                 from /home/user/catkin_ws/src/mavros/mavros/include/mavros/mavros_uas.h:30,
                 from /home/user/catkin_ws/src/mavros/mavros/include/mavros/mavros_plugin.h:25,
                 from /home/user/Drone/catkin_ws/src/mavros/mavros_extras/src/plugins/adsb.cpp:17:
/home/user/catkin_ws/src/mavros/mavros_msgs/include/mavros_msgs/mavlink_convert.h:45:32: warning: unknown option after ‘#pragma GCC diagnostic’ kind [-Wpragmas]
 #pragma GCC diagnostic ignored "-Waddress-of-packed-member"
                                ^~~~~~~~~~~~~~~~~~~~~~~~~~~~
In file included from /home/user/catkin_ws/src/mavros/mavros/include/mavros/utils.h:22:0,
                 from /home/user/catkin_ws/src/mavros/mavros/include/mavros/mavros_uas.h:30,
                 from /home/user/catkin_ws/src/mavros/mavros/include/mavros/mavros_plugin.h:25,
                 from /home/user/Drone/catkin_ws/src/mavros/mavros_extras/src/plugins/companion_process_status.cpp:17:
/home/user/catkin_ws/src/mavros/mavros_msgs/include/mavros_msgs/mavlink_convert.h:45:32: warning: unknown option after ‘#pragma GCC diagnostic’ kind [-Wpragmas]
 #pragma GCC diagnostic ignored "-Waddress-of-packed-member"
                                ^~~~~~~~~~~~~~~~~~~~~~~~~~~~
In file included from /home/user/catkin_ws/src/mavros/mavros/include/mavros/utils.h:22:0,
                 from /home/user/catkin_ws/src/mavros/mavros/include/mavros/mavros_uas.h:30,
                 from /home/user/catkin_ws/src/mavros/mavros/include/mavros/mavros_plugin.h:25,
                 from /home/user/Drone/catkin_ws/src/mavros/mavros_extras/src/plugins/camera.cpp:17:
/home/user/catkin_ws/src/mavros/mavros_msgs/include/mavros_msgs/mavlink_convert.h:45:32: warning: unknown option after ‘#pragma GCC diagnostic’ kind [-Wpragmas]
 #pragma GCC diagnostic ignored "-Waddress-of-packed-member"
                                ^~~~~~~~~~~~~~~~~~~~~~~~~~~~
In file included from /home/user/catkin_ws/src/mavros/mavros/include/mavros/utils.h:22:0,
                 from /home/user/catkin_ws/src/mavros/mavros/include/mavros/mavros_uas.h:30,
                 from /home/user/catkin_ws/src/mavros/mavros/include/mavros/mavros_plugin.h:25,
                 from /home/user/Drone/catkin_ws/src/mavros/mavros_extras/src/plugins/onboard_computer_status.cpp:17:
/home/user/catkin_ws/src/mavros/mavros_msgs/include/mavros_msgs/mavlink_convert.h:45:32: warning: unknown option after ‘#pragma GCC diagnostic’ kind [-Wpragmas]
 #pragma GCC diagnostic ignored "-Waddress-of-packed-member"
                                ^~~~~~~~~~~~~~~~~~~~~~~~~~~~
In file included from /home/user/catkin_ws/src/mavros/mavros/include/mavros/utils.h:22:0,
                 from /home/user/catkin_ws/src/mavros/mavros/include/mavros/mavros_uas.h:30,
                 from /home/user/catkin_ws/src/mavros/mavros/include/mavros/mavros_plugin.h:25,
                 from /home/user/Drone/catkin_ws/src/mavros/mavros_extras/src/plugins/debug_value.cpp:17:
/home/user/catkin_ws/src/mavros/mavros_msgs/include/mavros_msgs/mavlink_convert.h:45:32: warning: unknown option after ‘#pragma GCC diagnostic’ kind [-Wpragmas]
 #pragma GCC diagnostic ignored "-Waddress-of-packed-member"
                                ^~~~~~~~~~~~~~~~~~~~~~~~~~~~
In file included from /home/user/catkin_ws/src/mavros/mavros/include/mavros/utils.h:22:0,
                 from /home/user/catkin_ws/src/mavros/mavros/include/mavros/mavros_uas.h:30,
                 from /home/user/catkin_ws/src/mavros/mavros/include/mavros/mavros_plugin.h:25,
                 from /home/user/Drone/catkin_ws/src/mavros/mavros_extras/src/plugins/esc_status.cpp:17:
/home/user/catkin_ws/src/mavros/mavros_msgs/include/mavros_msgs/mavlink_convert.h:45:32: warning: unknown option after ‘#pragma GCC diagnostic’ kind [-Wpragmas]
 #pragma GCC diagnostic ignored "-Waddress-of-packed-member"
                                ^~~~~~~~~~~~~~~~~~~~~~~~~~~~
In file included from /home/user/catkin_ws/src/mavros/mavros/include/mavros/utils.h:22:0,
                 from /home/user/Drone/catkin_ws/src/mavros/mavros_extras/src/plugins/distance_sensor.cpp:17:
/home/user/catkin_ws/src/mavros/mavros_msgs/include/mavros_msgs/mavlink_convert.h:45:32: warning: unknown option after ‘#pragma GCC diagnostic’ kind [-Wpragmas]
 #pragma GCC diagnostic ignored "-Waddress-of-packed-member"
                                ^~~~~~~~~~~~~~~~~~~~~~~~~~~~
In file included from /home/user/catkin_ws/src/mavros/mavros/include/mavros/utils.h:22:0,
                 from /home/user/catkin_ws/src/mavros/mavros/include/mavros/mavros_uas.h:30,
                 from /home/user/catkin_ws/src/mavros/mavros/include/mavros/mavros_plugin.h:25,
                 from /home/user/Drone/catkin_ws/src/mavros/mavros_extras/src/plugins/esc_telemetry.cpp:17:
/home/user/catkin_ws/src/mavros/mavros_msgs/include/mavros_msgs/mavlink_convert.h:45:32: warning: unknown option after ‘#pragma GCC diagnostic’ kind [-Wpragmas]
 #pragma GCC diagnostic ignored "-Waddress-of-packed-member"
                                ^~~~~~~~~~~~~~~~~~~~~~~~~~~~
In file included from /home/user/catkin_ws/src/mavros/mavros/include/mavros/utils.h:22:0,
                 from /home/user/catkin_ws/src/mavros/mavros/include/mavros/mavros_uas.h:30,
                 from /home/user/catkin_ws/src/mavros/mavros/include/mavros/mavros_plugin.h:25,
                 from /home/user/Drone/catkin_ws/src/mavros/mavros_extras/src/plugins/fake_gps.cpp:21:
/home/user/catkin_ws/src/mavros/mavros_msgs/include/mavros_msgs/mavlink_convert.h:45:32: warning: unknown option after ‘#pragma GCC diagnostic’ kind [-Wpragmas]
 #pragma GCC diagnostic ignored "-Waddress-of-packed-member"
                                ^~~~~~~~~~~~~~~~~~~~~~~~~~~~
In file included from /home/user/catkin_ws/src/mavros/mavros/include/mavros/utils.h:22:0,
                 from /home/user/catkin_ws/src/mavros/mavros/include/mavros/mavros_uas.h:30,
                 from /home/user/catkin_ws/src/mavros/mavros/include/mavros/mavros_plugin.h:25,
                 from /home/user/Drone/catkin_ws/src/mavros/mavros_extras/src/plugins/gps_input.cpp:17:
/home/user/catkin_ws/src/mavros/mavros_msgs/include/mavros_msgs/mavlink_convert.h:45:32: warning: unknown option after ‘#pragma GCC diagnostic’ kind [-Wpragmas]
 #pragma GCC diagnostic ignored "-Waddress-of-packed-member"
                                ^~~~~~~~~~~~~~~~~~~~~~~~~~~~
In file included from /home/user/catkin_ws/src/mavros/mavros/include/mavros/utils.h:22:0,
                 from /home/user/catkin_ws/src/mavros/mavros/include/mavros/mavros_uas.h:30,
                 from /home/user/catkin_ws/src/mavros/mavros/include/mavros/mavros_plugin.h:25,
                 from /home/user/Drone/catkin_ws/src/mavros/mavros_extras/src/plugins/gps_rtk.cpp:17:
/home/user/catkin_ws/src/mavros/mavros_msgs/include/mavros_msgs/mavlink_convert.h:45:32: warning: unknown option after ‘#pragma GCC diagnostic’ kind [-Wpragmas]
 #pragma GCC diagnostic ignored "-Waddress-of-packed-member"
                                ^~~~~~~~~~~~~~~~~~~~~~~~~~~~
In file included from /home/user/catkin_ws/src/mavros/mavros/include/mavros/utils.h:22:0,
                 from /home/user/catkin_ws/src/mavros/mavros/include/mavros/mavros_uas.h:30,
                 from /home/user/catkin_ws/src/mavros/mavros/include/mavros/mavros_plugin.h:25,
                 from /home/user/Drone/catkin_ws/src/mavros/mavros_extras/src/plugins/gps_status.cpp:17:
/home/user/catkin_ws/src/mavros/mavros_msgs/include/mavros_msgs/mavlink_convert.h:45:32: warning: unknown option after ‘#pragma GCC diagnostic’ kind [-Wpragmas]
 #pragma GCC diagnostic ignored "-Waddress-of-packed-member"
                                ^~~~~~~~~~~~~~~~~~~~~~~~~~~~
In file included from /home/user/catkin_ws/src/mavros/mavros/include/mavros/utils.h:22:0,
                 from /home/user/Drone/catkin_ws/src/mavros/mavros_extras/src/plugins/landing_target.cpp:17:
/home/user/catkin_ws/src/mavros/mavros_msgs/include/mavros_msgs/mavlink_convert.h:45:32: warning: unknown option after ‘#pragma GCC diagnostic’ kind [-Wpragmas]
 #pragma GCC diagnostic ignored "-Waddress-of-packed-member"
                                ^~~~~~~~~~~~~~~~~~~~~~~~~~~~
In file included from /home/user/catkin_ws/src/mavros/mavros/include/mavros/utils.h:22:0,
                 from /home/user/catkin_ws/src/mavros/mavros/include/mavros/mavros_uas.h:30,
                 from /home/user/catkin_ws/src/mavros/mavros/include/mavros/mavros_plugin.h:25,
                 from /home/user/Drone/catkin_ws/src/mavros/mavros_extras/src/plugins/mag_calibration_status.cpp:11:
/home/user/catkin_ws/src/mavros/mavros_msgs/include/mavros_msgs/mavlink_convert.h:45:32: warning: unknown option after ‘#pragma GCC diagnostic’ kind [-Wpragmas]
 #pragma GCC diagnostic ignored "-Waddress-of-packed-member"
                                ^~~~~~~~~~~~~~~~~~~~~~~~~~~~
In file included from /home/user/catkin_ws/src/mavros/mavros/include/mavros/utils.h:22:0,
                 from /home/user/catkin_ws/src/mavros/mavros/include/mavros/mavros_uas.h:30,
                 from /home/user/catkin_ws/src/mavros/mavros/include/mavros/mavros_plugin.h:25,
                 from /home/user/Drone/catkin_ws/src/mavros/mavros_extras/src/plugins/log_transfer.cpp:1:
/home/user/catkin_ws/src/mavros/mavros_msgs/include/mavros_msgs/mavlink_convert.h:45:32: warning: unknown option after ‘#pragma GCC diagnostic’ kind [-Wpragmas]
 #pragma GCC diagnostic ignored "-Waddress-of-packed-member"
                                ^~~~~~~~~~~~~~~~~~~~~~~~~~~~
In file included from /home/user/catkin_ws/src/mavros/mavros/include/mavros/utils.h:22:0,
                 from /home/user/catkin_ws/src/mavros/mavros/include/mavros/mavros_uas.h:30,
                 from /home/user/catkin_ws/src/mavros/mavros/include/mavros/mavros_plugin.h:25,
                 from /home/user/Drone/catkin_ws/src/mavros/mavros_extras/src/plugins/mocap_pose_estimate.cpp:18:
/home/user/catkin_ws/src/mavros/mavros_msgs/include/mavros_msgs/mavlink_convert.h:45:32: warning: unknown option after ‘#pragma GCC diagnostic’ kind [-Wpragmas]
 #pragma GCC diagnostic ignored "-Waddress-of-packed-member"
                                ^~~~~~~~~~~~~~~~~~~~~~~~~~~~
In file included from /home/user/catkin_ws/src/mavros/mavros/include/mavros/utils.h:22:0,
                 from /home/user/catkin_ws/src/mavros/mavros/include/mavros/mavros_uas.h:30,
                 from /home/user/catkin_ws/src/mavros/mavros/include/mavros/mavros_plugin.h:25,
                 from /home/user/Drone/catkin_ws/src/mavros/mavros_extras/src/plugins/obstacle_distance.cpp:17:
/home/user/catkin_ws/src/mavros/mavros_msgs/include/mavros_msgs/mavlink_convert.h:45:32: warning: unknown option after ‘#pragma GCC diagnostic’ kind [-Wpragmas]
 #pragma GCC diagnostic ignored "-Waddress-of-packed-member"
                                ^~~~~~~~~~~~~~~~~~~~~~~~~~~~
In file included from /home/user/catkin_ws/src/mavros/mavros/include/mavros/utils.h:22:0,
                 from /home/user/catkin_ws/src/mavros/mavros/include/mavros/mavros_uas.h:30,
                 from /home/user/catkin_ws/src/mavros/mavros/include/mavros/mavros_plugin.h:25,
                 from /home/user/Drone/catkin_ws/src/mavros/mavros_extras/src/plugins/mount_control.cpp:17:
/home/user/catkin_ws/src/mavros/mavros_msgs/include/mavros_msgs/mavlink_convert.h:45:32: warning: unknown option after ‘#pragma GCC diagnostic’ kind [-Wpragmas]
 #pragma GCC diagnostic ignored "-Waddress-of-packed-member"
                                ^~~~~~~~~~~~~~~~~~~~~~~~~~~~
In file included from /home/user/catkin_ws/src/mavros/mavros/include/mavros/utils.h:22:0,
                 from /home/user/catkin_ws/src/mavros/mavros/include/mavros/mavros_uas.h:30,
                 from /home/user/catkin_ws/src/mavros/mavros/include/mavros/mavros_plugin.h:25,
                 from /home/user/Drone/catkin_ws/src/mavros/mavros_extras/src/plugins/odom.cpp:19:
/home/user/catkin_ws/src/mavros/mavros_msgs/include/mavros_msgs/mavlink_convert.h:45:32: warning: unknown option after ‘#pragma GCC diagnostic’ kind [-Wpragmas]
 #pragma GCC diagnostic ignored "-Waddress-of-packed-member"
                                ^~~~~~~~~~~~~~~~~~~~~~~~~~~~
In file included from /home/user/catkin_ws/src/mavros/mavros/include/mavros/utils.h:22:0,
                 from /home/user/catkin_ws/src/mavros/mavros/include/mavros/mavros_uas.h:30,
                 from /home/user/catkin_ws/src/mavros/mavros/include/mavros/mavros_plugin.h:25,
                 from /home/user/Drone/catkin_ws/src/mavros/mavros_extras/src/plugins/play_tune.cpp:1:
/home/user/catkin_ws/src/mavros/mavros_msgs/include/mavros_msgs/mavlink_convert.h:45:32: warning: unknown option after ‘#pragma GCC diagnostic’ kind [-Wpragmas]
 #pragma GCC diagnostic ignored "-Waddress-of-packed-member"
                                ^~~~~~~~~~~~~~~~~~~~~~~~~~~~
In file included from /home/user/catkin_ws/src/mavros/mavros/include/mavros/utils.h:22:0,
                 from /home/user/catkin_ws/src/mavros/mavros/include/mavros/mavros_uas.h:30,
                 from /home/user/catkin_ws/src/mavros/mavros/include/mavros/mavros_plugin.h:25,
                 from /home/user/Drone/catkin_ws/src/mavros/mavros_extras/src/plugins/rangefinder.cpp:17:
/home/user/catkin_ws/src/mavros/mavros_msgs/include/mavros_msgs/mavlink_convert.h:45:32: warning: unknown option after ‘#pragma GCC diagnostic’ kind [-Wpragmas]
 #pragma GCC diagnostic ignored "-Waddress-of-packed-member"
                                ^~~~~~~~~~~~~~~~~~~~~~~~~~~~
In file included from /home/user/catkin_ws/src/mavros/mavros/include/mavros/utils.h:22:0,
                 from /home/user/catkin_ws/src/mavros/mavros/include/mavros/mavros_uas.h:30,
                 from /home/user/catkin_ws/src/mavros/mavros/include/mavros/mavros_plugin.h:25,
                 from /home/user/Drone/catkin_ws/src/mavros/mavros_extras/src/plugins/px4flow.cpp:19:
/home/user/catkin_ws/src/mavros/mavros_msgs/include/mavros_msgs/mavlink_convert.h:45:32: warning: unknown option after ‘#pragma GCC diagnostic’ kind [-Wpragmas]
 #pragma GCC diagnostic ignored "-Waddress-of-packed-member"
                                ^~~~~~~~~~~~~~~~~~~~~~~~~~~~
In file included from /home/user/catkin_ws/src/mavros/mavros/include/mavros/utils.h:22:0,
                 from /home/user/catkin_ws/src/mavros/mavros/include/mavros/mavros_uas.h:30,
                 from /home/user/catkin_ws/src/mavros/mavros/include/mavros/mavros_plugin.h:25,
                 from /home/user/Drone/catkin_ws/src/mavros/mavros_extras/src/plugins/terrain.cpp:17:
/home/user/catkin_ws/src/mavros/mavros_msgs/include/mavros_msgs/mavlink_convert.h:45:32: warning: unknown option after ‘#pragma GCC diagnostic’ kind [-Wpragmas]
 #pragma GCC diagnostic ignored "-Waddress-of-packed-member"
                                ^~~~~~~~~~~~~~~~~~~~~~~~~~~~
In file included from /home/user/catkin_ws/src/mavros/mavros/include/mavros/utils.h:22:0,
                 from /home/user/catkin_ws/src/mavros/mavros/include/mavros/mavros_uas.h:30,
                 from /home/user/catkin_ws/src/mavros/mavros/include/mavros/mavros_plugin.h:25,
                 from /home/user/Drone/catkin_ws/src/mavros/mavros_extras/src/plugins/trajectory.cpp:17:
/home/user/catkin_ws/src/mavros/mavros_msgs/include/mavros_msgs/mavlink_convert.h:45:32: warning: unknown option after ‘#pragma GCC diagnostic’ kind [-Wpragmas]
 #pragma GCC diagnostic ignored "-Waddress-of-packed-member"
                                ^~~~~~~~~~~~~~~~~~~~~~~~~~~~
In file included from /home/user/catkin_ws/src/mavros/mavros/include/mavros/utils.h:22:0,
                 from /home/user/catkin_ws/src/mavros/mavros/include/mavros/mavros_uas.h:30,
                 from /home/user/catkin_ws/src/mavros/mavros/include/mavros/mavros_plugin.h:25,
                 from /home/user/Drone/catkin_ws/src/mavros/mavros_extras/src/plugins/tunnel.cpp:2:
/home/user/catkin_ws/src/mavros/mavros_msgs/include/mavros_msgs/mavlink_convert.h:45:32: warning: unknown option after ‘#pragma GCC diagnostic’ kind [-Wpragmas]
 #pragma GCC diagnostic ignored "-Waddress-of-packed-member"
                                ^~~~~~~~~~~~~~~~~~~~~~~~~~~~
In file included from /home/user/catkin_ws/src/mavros/mavros/include/mavros/utils.h:22:0,
                 from /home/user/catkin_ws/src/mavros/mavros/include/mavros/mavros_uas.h:30,
                 from /home/user/catkin_ws/src/mavros/mavros/include/mavros/mavros_plugin.h:25,
                 from /home/user/Drone/catkin_ws/src/mavros/mavros_extras/src/plugins/vibration.cpp:17:
/home/user/catkin_ws/src/mavros/mavros_msgs/include/mavros_msgs/mavlink_convert.h:45:32: warning: unknown option after ‘#pragma GCC diagnostic’ kind [-Wpragmas]
 #pragma GCC diagnostic ignored "-Waddress-of-packed-member"
                                ^~~~~~~~~~~~~~~~~~~~~~~~~~~~
In file included from /home/user/catkin_ws/src/mavros/mavros/include/mavros/utils.h:22:0,
                 from /home/user/catkin_ws/src/mavros/mavros/include/mavros/mavros_uas.h:30,
                 from /home/user/catkin_ws/src/mavros/mavros/include/mavros/mavros_plugin.h:25,
                 from /home/user/Drone/catkin_ws/src/mavros/mavros_extras/src/plugins/vision_speed_estimate.cpp:18:
/home/user/catkin_ws/src/mavros/mavros_msgs/include/mavros_msgs/mavlink_convert.h:45:32: warning: unknown option after ‘#pragma GCC diagnostic’ kind [-Wpragmas]
 #pragma GCC diagnostic ignored "-Waddress-of-packed-member"
                                ^~~~~~~~~~~~~~~~~~~~~~~~~~~~
In file included from /home/user/catkin_ws/src/mavros/mavros/include/mavros/utils.h:22:0,
                 from /home/user/catkin_ws/src/mavros/mavros/include/mavros/mavros_uas.h:30,
                 from /home/user/catkin_ws/src/mavros/mavros/include/mavros/mavros_plugin.h:25,
                 from /home/user/Drone/catkin_ws/src/mavros/mavros_extras/src/plugins/vision_pose_estimate.cpp:18:
/home/user/catkin_ws/src/mavros/mavros_msgs/include/mavros_msgs/mavlink_convert.h:45:32: warning: unknown option after ‘#pragma GCC diagnostic’ kind [-Wpragmas]
 #pragma GCC diagnostic ignored "-Waddress-of-packed-member"
                                ^~~~~~~~~~~~~~~~~~~~~~~~~~~~
In file included from /home/user/catkin_ws/src/mavros/mavros/include/mavros/utils.h:22:0,
                 from /home/user/catkin_ws/src/mavros/mavros/include/mavros/mavros_uas.h:30,
                 from /home/user/catkin_ws/src/mavros/mavros/include/mavros/mavros_plugin.h:25,
                 from /home/user/Drone/catkin_ws/src/mavros/mavros_extras/src/plugins/wheel_odometry.cpp:17:
/home/user/catkin_ws/src/mavros/mavros_msgs/include/mavros_msgs/mavlink_convert.h:45:32: warning: unknown option after ‘#pragma GCC diagnostic’ kind [-Wpragmas]
 #pragma GCC diagnostic ignored "-Waddress-of-packed-member"
                                ^~~~~~~~~~~~~~~~~~~~~~~~~~~~
