Warning: Cannot symlink from /home/user/Drone/catkin_ws/devel/.private/mavros/lib/libmavros_plugins.so to existing file /home/user/Drone/catkin_ws/devel/lib/libmavros_plugins.so
Warning: Source hash: 33168f6ff3707470dc394f91b70ffc0d
Warning: Dest hash: 073acbb02d49ccf74155ef80f13d2cd4
Warning: Cannot symlink from /home/user/Drone/catkin_ws/devel/.private/mavros/lib/libmavros.so to existing file /home/user/Drone/catkin_ws/devel/lib/libmavros.so
Warning: Source hash: e249ebb60debcf5d3d453b6023dcd9a7
Warning: Dest hash: f703e657935592944f68c5fd1e4d5be5
Warning: Cannot symlink from /home/user/Drone/catkin_ws/devel/.private/mavros/lib/python2.7/dist-packages/mavros/__init__.py to existing file /home/user/Drone/catkin_ws/devel/lib/python2.7/dist-packages/mavros/__init__.py
Warning: Source hash: 4102feb836da3ff3e10aff4696a9b4c3
Warning: Dest hash: 2e413926f36c55b3c66c0b256543d1ea
Warning: Cannot symlink from /home/user/Drone/catkin_ws/devel/.private/mavros/lib/pkgconfig/mavros.pc to existing file /home/user/Drone/catkin_ws/devel/lib/pkgconfig/mavros.pc
Warning: Source hash: afe2cce9b45f478b7a1497ba554d7b3a
Warning: Dest hash: 3666a949e983030db5d2858aa84de1cf
Warning: Cannot symlink from /home/user/Drone/catkin_ws/devel/.private/mavros/lib/mavros/gcs_bridge to existing file /home/user/Drone/catkin_ws/devel/lib/mavros/gcs_bridge
Warning: Source hash: 0aecfcaea5198365f2b6f9425819e816
Warning: Dest hash: 7146f31ddcc1ead54f07c9f0d6345614
Warning: Cannot symlink from /home/user/Drone/catkin_ws/devel/.private/mavros/lib/mavros/mavros_node to existing file /home/user/Drone/catkin_ws/devel/lib/mavros/mavros_node
Warning: Source hash: 1223f1dd05bcb23a82fbf7c9e53e3482
Warning: Dest hash: 11226ce7d6742c180aaa5668a6a46c5a
Warning: Cannot symlink from /home/user/Drone/catkin_ws/devel/.private/mavros/share/mavros/cmake/mavrosConfig.cmake to existing file /home/user/Drone/catkin_ws/devel/share/mavros/cmake/mavrosConfig.cmake
Warning: Source hash: 50d42d94adb47e309461c8e5ae9d8fe0
Warning: Dest hash: f8c8d47fa6dedabed4439ab9a167ab2d
Cleaning: (/home/user/catkin_ws/devel/.private/mavros/cmake.lock, /home/user/catkin_ws/devel/./cmake.lock)
Cleaning: (/home/user/catkin_ws/devel/.private/mavros/lib/libmavros_plugins.so, /home/user/catkin_ws/devel/lib/libmavros_plugins.so)
Cleaning: (/home/user/catkin_ws/devel/.private/mavros/lib/libmavros.so, /home/user/catkin_ws/devel/lib/libmavros.so)
Cleaning: (/home/user/catkin_ws/devel/.private/mavros/lib/python2.7/dist-packages/mavros/__init__.py, /home/user/catkin_ws/devel/lib/python2.7/dist-packages/mavros/__init__.py)
Cleaning: (/home/user/catkin_ws/devel/.private/mavros/lib/pkgconfig/mavros.pc, /home/user/catkin_ws/devel/lib/pkgconfig/mavros.pc)
Cleaning: (/home/user/catkin_ws/devel/.private/mavros/lib/mavros/gcs_bridge, /home/user/catkin_ws/devel/lib/mavros/gcs_bridge)
Cleaning: (/home/user/catkin_ws/devel/.private/mavros/lib/mavros/mavros_node, /home/user/catkin_ws/devel/lib/mavros/mavros_node)
Cleaning: (/home/user/catkin_ws/devel/.private/mavros/share/mavros/cmake/mavrosConfig.cmake, /home/user/catkin_ws/devel/share/mavros/cmake/mavrosConfig.cmake)
Cleaning: (/home/user/catkin_ws/devel/.private/mavros/share/mavros/cmake/mavrosConfig-version.cmake, /home/user/catkin_ws/devel/share/mavros/cmake/mavrosConfig-version.cmake)
Unlinking: /home/user/catkin_ws/devel/lib/libmavros_plugins.so
Unlinking: /home/user/catkin_ws/devel/lib/libmavros.so
Unlinking: /home/user/catkin_ws/devel/lib/python2.7/dist-packages/mavros/__init__.py
Unlinking: /home/user/catkin_ws/devel/lib/pkgconfig/mavros.pc
Unlinking: /home/user/catkin_ws/devel/lib/mavros/gcs_bridge
Unlinking: /home/user/catkin_ws/devel/lib/mavros/mavros_node
Unlinking: /home/user/catkin_ws/devel/share/mavros/cmake/mavrosConfig.cmake
Unlinking: /home/user/catkin_ws/devel/share/mavros/cmake/mavrosConfig-version.cmake
